[0mCompiling "target/cljsbuild/public/js/app.js" from ("src/cljc" "src/cljs" "env/dev/cljs")...
notifying browser that file changed:  target/cljsbuild/public/js/out/goog/deps.js
notifying browser that file changed:  target/cljsbuild/public/js/out/cljs_deps.js
notifying browser that file changed:  out/senseforth_chat/websockets.js
[32mSuccessfully compiled "target/cljsbuild/public/js/app.js" in 0.64 seconds.[0m
[0mCompiling "target/cljsbuild/public/js/app.js" from ("src/cljc" "src/cljs" "env/dev/cljs")...
notifying browser that file changed:  out/senseforth_chat/websockets.js
[32mSuccessfully compiled "target/cljsbuild/public/js/app.js" in 0.539 seconds.[0m
[0mCompiling "target/cljsbuild/public/js/app.js" from ("src/cljc" "src/cljs" "env/dev/cljs")...
notifying browser that file changed:  out/senseforth_chat/websockets.js
[32mSuccessfully compiled "target/cljsbuild/public/js/app.js" in 0.393 seconds.[0m
[0mCompiling "target/cljsbuild/public/js/app.js" from ("src/cljc" "src/cljs" "env/dev/cljs")...
notifying browser that file changed:  out/senseforth_chat/websockets.js
[32mSuccessfully compiled "target/cljsbuild/public/js/app.js" in 0.28 seconds.[0m
[0mCompiling "target/cljsbuild/public/js/app.js" from ("src/cljc" "src/cljs" "env/dev/cljs")...
notifying browser that file changed:  out/senseforth_chat/websockets.js
[32mSuccessfully compiled "target/cljsbuild/public/js/app.js" in 0.292 seconds.[0m
[0mCompiling "target/cljsbuild/public/js/app.js" from ("src/cljc" "src/cljs" "env/dev/cljs")...
notifying browser that file changed:  out/senseforth_chat/websockets.js
[32mSuccessfully compiled "target/cljsbuild/public/js/app.js" in 0.333 seconds.[0m
[0mCompiling "target/cljsbuild/public/js/app.js" from ("src/cljc" "src/cljs" "env/dev/cljs")...
[31mCompiling "target/cljsbuild/public/js/app.js" failed.
[0mANALYSIS ERROR: No such namespace: multi-client-ws.websockets, could not locate multi_client_ws/websockets.cljs, multi_client_ws/websockets.cljc, or Closure namespace "multi-client-ws.websockets" in file src/cljs/senseforth_chat/core.cljs on file null, line null, column null
[32mSuccessfully compiled "target/cljsbuild/public/js/app.js" in 0.204 seconds.[0m
[0mCompiling "target/cljsbuild/public/js/app.js" from ("src/cljc" "src/cljs" "env/dev/cljs")...
notifying browser that file changed:  target/cljsbuild/public/js/out/cljs_deps.js
notifying browser that file changed:  out/senseforth_chat/core.js
[32mSuccessfully compiled "target/cljsbuild/public/js/app.js" in 0.339 seconds.[0m
[0mCompiling "target/cljsbuild/public/js/app.js" from ("src/cljc" "src/cljs" "env/dev/cljs")...
notifying browser that file changed:  out/senseforth_chat/core.js
[32mSuccessfully compiled "target/cljsbuild/public/js/app.js" in 0.26 seconds.[0m
[0mCompiling "target/cljsbuild/public/js/app.js" from ("src/cljc" "src/cljs" "env/dev/cljs")...
notifying browser that file changed:  out/senseforth_chat/core.js
[32mSuccessfully compiled "target/cljsbuild/public/js/app.js" in 0.266 seconds.[0m
[0mCompiling "target/cljsbuild/public/js/app.js" from ("src/cljc" "src/cljs" "env/dev/cljs")...
notifying browser that file changed:  out/senseforth_chat/core.js
[32mSuccessfully compiled "target/cljsbuild/public/js/app.js" in 0.327 seconds.[0m
[0mCompiling "target/cljsbuild/public/js/app.js" from ("src/cljc" "src/cljs" "env/dev/cljs")...
notifying browser that file changed:  out/senseforth_chat/core.js
[32mSuccessfully compiled "target/cljsbuild/public/js/app.js" in 0.339 seconds.[0m
[0mCompiling "target/cljsbuild/public/js/app.js" from ("src/cljc" "src/cljs" "env/dev/cljs")...
notifying browser that file changed:  out/senseforth_chat/core.js
[32mSuccessfully compiled "target/cljsbuild/public/js/app.js" in 0.322 seconds.[0m
[0mCompiling "target/cljsbuild/public/js/app.js" from ("src/cljc" "src/cljs" "env/dev/cljs")...
notifying browser that file changed:  out/senseforth_chat/core.js
[32mSuccessfully compiled "target/cljsbuild/public/js/app.js" in 0.279 seconds.[0m
[0mCompiling "target/cljsbuild/public/js/app.js" from ("src/cljc" "src/cljs" "env/dev/cljs")...
WARNING: Use of undeclared Var senseforth-chat.core/log at line 17 src/cljs/senseforth_chat/core.cljs
notifying browser that file changed:  out/senseforth_chat/core.js
[32mSuccessfully compiled "target/cljsbuild/public/js/app.js" in 0.467 seconds.[0m
[0mCompiling "target/cljsbuild/public/js/app.js" from ("src/cljc" "src/cljs" "env/dev/cljs")...
WARNING: Use of undeclared Var senseforth-chat.core/log at line 17 src/cljs/senseforth_chat/core.cljs
notifying browser that file changed:  out/senseforth_chat/core.js
[32mSuccessfully compiled "target/cljsbuild/public/js/app.js" in 0.279 seconds.[0m
[0mCompiling "target/cljsbuild/public/js/app.js" from ("src/cljc" "src/cljs" "env/dev/cljs")...
WARNING: Use of undeclared Var senseforth-chat.core/log at line 17 src/cljs/senseforth_chat/core.cljs
notifying browser that file changed:  out/senseforth_chat/core.js
[32mSuccessfully compiled "target/cljsbuild/public/js/app.js" in 0.307 seconds.[0m
[0mCompiling "target/cljsbuild/public/js/app.js" from ("src/cljc" "src/cljs" "env/dev/cljs")...
[31mCompiling "target/cljsbuild/public/js/app.js" failed.
[0mANALYSIS ERROR: Too many arguments to if at line 16 src/cljs/senseforth_chat/websockets.cljs on file src/cljs/senseforth_chat/websockets.cljs, line 16, column 2
[32mSuccessfully compiled "target/cljsbuild/public/js/app.js" in 0.166 seconds.[0m
[0mCompiling "target/cljsbuild/public/js/app.js" from ("src/cljc" "src/cljs" "env/dev/cljs")...
[31mCompiling "target/cljsbuild/public/js/app.js" failed.
[0mANALYSIS ERROR: Too many arguments to if at line 16 src/cljs/senseforth_chat/websockets.cljs on file src/cljs/senseforth_chat/websockets.cljs, line 16, column 2
[32mSuccessfully compiled "target/cljsbuild/public/js/app.js" in 0.185 seconds.[0m
[0mCompiling "target/cljsbuild/public/js/app.js" from ("src/cljc" "src/cljs" "env/dev/cljs")...
[31mCompiling "target/cljsbuild/public/js/app.js" failed.
[0mANALYSIS ERROR: Too many arguments to if at line 16 src/cljs/senseforth_chat/websockets.cljs on file src/cljs/senseforth_chat/websockets.cljs, line 16, column 2
[32mSuccessfully compiled "target/cljsbuild/public/js/app.js" in 0.126 seconds.[0m
[0mCompiling "target/cljsbuild/public/js/app.js" from ("src/cljc" "src/cljs" "env/dev/cljs")...
WARNING: Use of undeclared Var senseforth-chat.core/log at line 17 src/cljs/senseforth_chat/core.cljs
notifying browser that file changed:  out/senseforth_chat/websockets.js
[32mSuccessfully compiled "target/cljsbuild/public/js/app.js" in 0.417 seconds.[0m
[0mCompiling "target/cljsbuild/public/js/app.js" from ("src/cljc" "src/cljs" "env/dev/cljs")...
WARNING: Use of undeclared Var senseforth-chat.core/log at line 17 src/cljs/senseforth_chat/core.cljs
notifying browser that file changed:  out/senseforth_chat/websockets.js
[32mSuccessfully compiled "target/cljsbuild/public/js/app.js" in 0.318 seconds.[0m
[0mCompiling "target/cljsbuild/public/js/app.js" from ("src/cljc" "src/cljs" "env/dev/cljs")...
WARNING: Use of undeclared Var senseforth-chat.core/log at line 17 src/cljs/senseforth_chat/core.cljs
notifying browser that file changed:  out/senseforth_chat/websockets.js
[32mSuccessfully compiled "target/cljsbuild/public/js/app.js" in 0.377 seconds.[0m
[0mCompiling "target/cljsbuild/public/js/app.js" from ("src/cljc" "src/cljs" "env/dev/cljs")...
WARNING: Use of undeclared Var senseforth-chat.core/log at line 17 src/cljs/senseforth_chat/core.cljs
notifying browser that file changed:  out/senseforth_chat/websockets.js
[32mSuccessfully compiled "target/cljsbuild/public/js/app.js" in 0.408 seconds.[0m
[0mCompiling "target/cljsbuild/public/js/app.js" from ("src/cljc" "src/cljs" "env/dev/cljs")...
WARNING: Use of undeclared Var senseforth-chat.core/log at line 17 src/cljs/senseforth_chat/core.cljs
notifying browser that file changed:  out/senseforth_chat/websockets.js
[32mSuccessfully compiled "target/cljsbuild/public/js/app.js" in 0.379 seconds.[0m
[0mCompiling "target/cljsbuild/public/js/app.js" from ("src/cljc" "src/cljs" "env/dev/cljs")...
WARNING: Use of undeclared Var senseforth-chat.core/log at line 17 src/cljs/senseforth_chat/core.cljs
notifying browser that file changed:  target/cljsbuild/public/js/out/goog/deps.js
notifying browser that file changed:  target/cljsbuild/public/js/out/cljs_deps.js
notifying browser that file changed:  out/senseforth_chat/websockets.js
[32mSuccessfully compiled "target/cljsbuild/public/js/app.js" in 0.672 seconds.[0m
[0mCompiling "target/cljsbuild/public/js/app.js" from ("src/cljc" "src/cljs" "env/dev/cljs")...
notifying browser that file changed:  out/senseforth_chat/core.js
[32mSuccessfully compiled "target/cljsbuild/public/js/app.js" in 0.626 seconds.[0m
[0mCompiling "target/cljsbuild/public/js/app.js" from ("src/cljc" "src/cljs" "env/dev/cljs")...
notifying browser that file changed:  out/senseforth_chat/core.js
[32mSuccessfully compiled "target/cljsbuild/public/js/app.js" in 0.853 seconds.[0m
[0mCompiling "target/cljsbuild/public/js/app.js" from ("src/cljc" "src/cljs" "env/dev/cljs")...
notifying browser that file changed:  out/senseforth_chat/core.js
[32mSuccessfully compiled "target/cljsbuild/public/js/app.js" in 0.604 seconds.[0m
[0mCompiling "target/cljsbuild/public/js/app.js" from ("src/cljc" "src/cljs" "env/dev/cljs")...
notifying browser that file changed:  out/senseforth_chat/core.js
[32mSuccessfully compiled "target/cljsbuild/public/js/app.js" in 0.893 seconds.[0m
[0mCompiling "target/cljsbuild/public/js/app.js" from ("src/cljc" "src/cljs" "env/dev/cljs")...
notifying browser that file changed:  out/senseforth_chat/core.js
[32mSuccessfully compiled "target/cljsbuild/public/js/app.js" in 0.465 seconds.[0m
[0mCompiling "target/cljsbuild/public/js/app.js" from ("src/cljc" "src/cljs" "env/dev/cljs")...
notifying browser that file changed:  target/cljsbuild/public/js/out/goog/deps.js
notifying browser that file changed:  target/cljsbuild/public/js/out/cljs_deps.js
notifying browser that file changed:  out/senseforth_chat/websockets.js
[32mSuccessfully compiled "target/cljsbuild/public/js/app.js" in 6.335 seconds.[0m
[0mCompiling "target/cljsbuild/public/js/app.js" from ("src/cljc" "src/cljs" "env/dev/cljs")...
notifying browser that file changed:  out/senseforth_chat/websockets.js
[32mSuccessfully compiled "target/cljsbuild/public/js/app.js" in 0.465 seconds.[0m
[0mCompiling "target/cljsbuild/public/js/app.js" from ("src/cljc" "src/cljs" "env/dev/cljs")...
[31mCompiling "target/cljsbuild/public/js/app.js" failed.
[0mERROR: EOF while reading, starting at line 8 and column 1 on file /Users/raghu/work/projects/clojure/senseforth/senseforth-chat/src/cljs/senseforth_chat/websockets.cljs, line 28, column 56
[32mSuccessfully compiled "target/cljsbuild/public/js/app.js" in 0.425 seconds.[0m
[0mCompiling "target/cljsbuild/public/js/app.js" from ("src/cljc" "src/cljs" "env/dev/cljs")...
notifying browser that file changed:  target/cljsbuild/public/js/out/goog/deps.js
notifying browser that file changed:  target/cljsbuild/public/js/out/cljs_deps.js
notifying browser that file changed:  out/senseforth_chat/websockets.js
[32mSuccessfully compiled "target/cljsbuild/public/js/app.js" in 2.567 seconds.[0m
[0mCompiling "target/cljsbuild/public/js/app.js" from ("src/cljc" "src/cljs" "env/dev/cljs")...
[31mCompiling "target/cljsbuild/public/js/app.js" failed.
[0mERROR: EOF while reading, starting at line 8 and column 1 on file /Users/raghu/work/projects/clojure/senseforth/senseforth-chat/src/cljs/senseforth_chat/websockets.cljs, line 28, column 56
[32mSuccessfully compiled "target/cljsbuild/public/js/app.js" in 0.384 seconds.[0m
[0mCompiling "target/cljsbuild/public/js/app.js" from ("src/cljc" "src/cljs" "env/dev/cljs")...
notifying browser that file changed:  out/senseforth_chat/websockets.js
[32mSuccessfully compiled "target/cljsbuild/public/js/app.js" in 0.749 seconds.[0m
[0mCompiling "target/cljsbuild/public/js/app.js" from ("src/cljc" "src/cljs" "env/dev/cljs")...
notifying browser that file changed:  out/senseforth_chat/websockets.js
[32mSuccessfully compiled "target/cljsbuild/public/js/app.js" in 0.846 seconds.[0m
[0mCompiling "target/cljsbuild/public/js/app.js" from ("src/cljc" "src/cljs" "env/dev/cljs")...
notifying browser that file changed:  out/senseforth_chat/websockets.js
[32mSuccessfully compiled "target/cljsbuild/public/js/app.js" in 0.597 seconds.[0m
[0mCompiling "target/cljsbuild/public/js/app.js" from ("src/cljc" "src/cljs" "env/dev/cljs")...
notifying browser that file changed:  out/senseforth_chat/websockets.js
[32mSuccessfully compiled "target/cljsbuild/public/js/app.js" in 0.666 seconds.[0m
[0mCompiling "target/cljsbuild/public/js/app.js" from ("src/cljc" "src/cljs" "env/dev/cljs")...
notifying browser that file changed:  out/senseforth_chat/websockets.js
[32mSuccessfully compiled "target/cljsbuild/public/js/app.js" in 0.568 seconds.[0m
[0mCompiling "target/cljsbuild/public/js/app.js" from ("src/cljc" "src/cljs" "env/dev/cljs")...
notifying browser that file changed:  target/cljsbuild/public/js/out/goog/deps.js
notifying browser that file changed:  target/cljsbuild/public/js/out/cljs_deps.js
notifying browser that file changed:  out/senseforth_chat/websockets.js
[32mSuccessfully compiled "target/cljsbuild/public/js/app.js" in 0.736 seconds.[0m
[0mCompiling "target/cljsbuild/public/js/app.js" from ("src/cljc" "src/cljs" "env/dev/cljs")...
notifying browser that file changed:  out/senseforth_chat/websockets.js
[32mSuccessfully compiled "target/cljsbuild/public/js/app.js" in 0.448 seconds.[0m
[0mCompiling "target/cljsbuild/public/js/app.js" from ("src/cljc" "src/cljs" "env/dev/cljs")...
notifying browser that file changed:  out/senseforth_chat/websockets.js
[32mSuccessfully compiled "target/cljsbuild/public/js/app.js" in 0.475 seconds.[0m
[0mCompiling "target/cljsbuild/public/js/app.js" from ("src/cljc" "src/cljs" "env/dev/cljs")...
notifying browser that file changed:  out/senseforth_chat/websockets.js
[32mSuccessfully compiled "target/cljsbuild/public/js/app.js" in 0.366 seconds.[0m
[0mCompiling "target/cljsbuild/public/js/app.js" from ("src/cljc" "src/cljs" "env/dev/cljs")...
notifying browser that file changed:  target/cljsbuild/public/js/out/goog/deps.js
notifying browser that file changed:  target/cljsbuild/public/js/out/cljs_deps.js
notifying browser that file changed:  out/senseforth_chat/websockets.js
[32mSuccessfully compiled "target/cljsbuild/public/js/app.js" in 2.798 seconds.[0m
[0mCompiling "target/cljsbuild/public/js/app.js" from ("src/cljc" "src/cljs" "env/dev/cljs")...
notifying browser that file changed:  out/senseforth_chat/websockets.js
[32mSuccessfully compiled "target/cljsbuild/public/js/app.js" in 0.607 seconds.[0m
[0mCompiling "target/cljsbuild/public/js/app.js" from ("src/cljc" "src/cljs" "env/dev/cljs")...
[31mCompiling "target/cljsbuild/public/js/app.js" failed.
[0mERROR: EOF while reading, starting at line 8 and column 1 on file /Users/raghu/work/projects/clojure/senseforth/senseforth-chat/src/cljs/senseforth_chat/websockets.cljs, line 29, column 56
[32mSuccessfully compiled "target/cljsbuild/public/js/app.js" in 0.308 seconds.[0m
[0mCompiling "target/cljsbuild/public/js/app.js" from ("src/cljc" "src/cljs" "env/dev/cljs")...
notifying browser that file changed:  out/senseforth_chat/websockets.js
[32mSuccessfully compiled "target/cljsbuild/public/js/app.js" in 0.359 seconds.[0m
[0mCompiling "target/cljsbuild/public/js/app.js" from ("src/cljc" "src/cljs" "env/dev/cljs")...
notifying browser that file changed:  out/senseforth_chat/websockets.js
[32mSuccessfully compiled "target/cljsbuild/public/js/app.js" in 0.526 seconds.[0m
[0mCompiling "target/cljsbuild/public/js/app.js" from ("src/cljc" "src/cljs" "env/dev/cljs")...
notifying browser that file changed:  out/senseforth_chat/websockets.js
[32mSuccessfully compiled "target/cljsbuild/public/js/app.js" in 0.485 seconds.[0m
[0mCompiling "target/cljsbuild/public/js/app.js" from ("src/cljc" "src/cljs" "env/dev/cljs")...
notifying browser that file changed:  out/senseforth_chat/websockets.js
[32mSuccessfully compiled "target/cljsbuild/public/js/app.js" in 0.512 seconds.[0m
[0mCompiling "target/cljsbuild/public/js/app.js" from ("src/cljc" "src/cljs" "env/dev/cljs")...
notifying browser that file changed:  out/senseforth_chat/websockets.js
[32mSuccessfully compiled "target/cljsbuild/public/js/app.js" in 0.716 seconds.[0m
[0mCompiling "target/cljsbuild/public/js/app.js" from ("src/cljc" "src/cljs" "env/dev/cljs")...
notifying browser that file changed:  out/senseforth_chat/websockets.js
[32mSuccessfully compiled "target/cljsbuild/public/js/app.js" in 0.669 seconds.[0m
[0mCompiling "target/cljsbuild/public/js/app.js" from ("src/cljc" "src/cljs" "env/dev/cljs")...
notifying browser that file changed:  out/senseforth_chat/websockets.js
[32mSuccessfully compiled "target/cljsbuild/public/js/app.js" in 0.71 seconds.[0m
[0mCompiling "target/cljsbuild/public/js/app.js" from ("src/cljc" "src/cljs" "env/dev/cljs")...
notifying browser that file changed:  target/cljsbuild/public/js/out/goog/deps.js
notifying browser that file changed:  target/cljsbuild/public/js/out/cljs_deps.js
notifying browser that file changed:  out/senseforth_chat/websockets.js
[32mSuccessfully compiled "target/cljsbuild/public/js/app.js" in 2.856 seconds.[0m
[0mCompiling "target/cljsbuild/public/js/app.js" from ("src/cljc" "src/cljs" "env/dev/cljs")...
notifying browser that file changed:  out/senseforth_chat/websockets.js
[32mSuccessfully compiled "target/cljsbuild/public/js/app.js" in 1.113 seconds.[0m
[0mCompiling "target/cljsbuild/public/js/app.js" from ("src/cljc" "src/cljs" "env/dev/cljs")...
[31mCompiling "target/cljsbuild/public/js/app.js" failed.
[0mERROR: Unmatched delimiter } on file /Users/raghu/work/projects/clojure/senseforth/senseforth-chat/src/cljs/senseforth_chat/core.cljs, line 16, column 33
[32mSuccessfully compiled "target/cljsbuild/public/js/app.js" in 0.332 seconds.[0m
[0mCompiling "target/cljsbuild/public/js/app.js" from ("src/cljc" "src/cljs" "env/dev/cljs")...
notifying browser that file changed:  out/senseforth_chat/core.js
[32mSuccessfully compiled "target/cljsbuild/public/js/app.js" in 0.533 seconds.[0m
[0mCompiling "target/cljsbuild/public/js/app.js" from ("src/cljc" "src/cljs" "env/dev/cljs")...
notifying browser that file changed:  out/senseforth_chat/core.js
[32mSuccessfully compiled "target/cljsbuild/public/js/app.js" in 0.335 seconds.[0m
[0mCompiling "target/cljsbuild/public/js/app.js" from ("src/cljc" "src/cljs" "env/dev/cljs")...
notifying browser that file changed:  target/cljsbuild/public/js/out/cljs_deps.js
notifying browser that file changed:  out/senseforth_chat/core.js
[32mSuccessfully compiled "target/cljsbuild/public/js/app.js" in 0.574 seconds.[0m
[0mCompiling "target/cljsbuild/public/js/app.js" from ("src/cljc" "src/cljs" "env/dev/cljs")...
notifying browser that file changed:  out/senseforth_chat/core.js
[32mSuccessfully compiled "target/cljsbuild/public/js/app.js" in 0.415 seconds.[0m
[0mCompiling "target/cljsbuild/public/js/app.js" from ("src/cljc" "src/cljs" "env/dev/cljs")...
WARNING: Use of undeclared Var senseforth-chat.core/message at line 21 /Users/raghu/work/projects/clojure/senseforth/senseforth-chat/src/cljs/senseforth_chat/core.cljs
WARNING: Use of undeclared Var senseforth-chat.core/message at line 22 /Users/raghu/work/projects/clojure/senseforth/senseforth-chat/src/cljs/senseforth_chat/core.cljs
notifying browser that file changed:  out/senseforth_chat/core.js
[32mSuccessfully compiled "target/cljsbuild/public/js/app.js" in 0.521 seconds.[0m
[0mCompiling "target/cljsbuild/public/js/app.js" from ("src/cljc" "src/cljs" "env/dev/cljs")...
WARNING: Use of undeclared Var senseforth-chat.core/message at line 22 /Users/raghu/work/projects/clojure/senseforth/senseforth-chat/src/cljs/senseforth_chat/core.cljs
notifying browser that file changed:  out/senseforth_chat/core.js
[32mSuccessfully compiled "target/cljsbuild/public/js/app.js" in 0.444 seconds.[0m
[0mCompiling "target/cljsbuild/public/js/app.js" from ("src/cljc" "src/cljs" "env/dev/cljs")...
notifying browser that file changed:  out/senseforth_chat/core.js
[32mSuccessfully compiled "target/cljsbuild/public/js/app.js" in 0.353 seconds.[0m
[0mCompiling "target/cljsbuild/public/js/app.js" from ("src/cljc" "src/cljs" "env/dev/cljs")...
notifying browser that file changed:  out/senseforth_chat/core.js
[32mSuccessfully compiled "target/cljsbuild/public/js/app.js" in 0.46 seconds.[0m
[0mCompiling "target/cljsbuild/public/js/app.js" from ("src/cljc" "src/cljs" "env/dev/cljs")...
notifying browser that file changed:  out/senseforth_chat/websockets.js
[32mSuccessfully compiled "target/cljsbuild/public/js/app.js" in 0.376 seconds.[0m
[0mCompiling "target/cljsbuild/public/js/app.js" from ("src/cljc" "src/cljs" "env/dev/cljs")...
notifying browser that file changed:  out/senseforth_chat/websockets.js
[32mSuccessfully compiled "target/cljsbuild/public/js/app.js" in 0.41 seconds.[0m
[0mCompiling "target/cljsbuild/public/js/app.js" from ("src/cljc" "src/cljs" "env/dev/cljs")...
notifying browser that file changed:  out/senseforth_chat/websockets.js
[32mSuccessfully compiled "target/cljsbuild/public/js/app.js" in 0.522 seconds.[0m
[0mCompiling "target/cljsbuild/public/js/app.js" from ("src/cljc" "src/cljs" "env/dev/cljs")...
WARNING: No such namespace: json, could not locate json.cljs, json.cljc, or Closure namespace "" at line 21 /Users/raghu/work/projects/clojure/senseforth/senseforth-chat/src/cljs/senseforth_chat/core.cljs
WARNING: Use of undeclared Var json/read-str at line 21 /Users/raghu/work/projects/clojure/senseforth/senseforth-chat/src/cljs/senseforth_chat/core.cljs
notifying browser that file changed:  out/senseforth_chat/core.js
[32mSuccessfully compiled "target/cljsbuild/public/js/app.js" in 0.502 seconds.[0m
[0mCompiling "target/cljsbuild/public/js/app.js" from ("src/cljc" "src/cljs" "env/dev/cljs")...
WARNING: No such namespace: json, could not locate json.cljs, json.cljc, or Closure namespace "" at line 21 /Users/raghu/work/projects/clojure/senseforth/senseforth-chat/src/cljs/senseforth_chat/core.cljs
WARNING: Use of undeclared Var json/read-str at line 21 /Users/raghu/work/projects/clojure/senseforth/senseforth-chat/src/cljs/senseforth_chat/core.cljs
notifying browser that file changed:  out/senseforth_chat/core.js
[32mSuccessfully compiled "target/cljsbuild/public/js/app.js" in 0.399 seconds.[0m
[0mCompiling "target/cljsbuild/public/js/app.js" from ("src/cljc" "src/cljs" "env/dev/cljs")...
notifying browser that file changed:  out/senseforth_chat/core.js
[32mSuccessfully compiled "target/cljsbuild/public/js/app.js" in 0.392 seconds.[0m
[0mCompiling "target/cljsbuild/public/js/app.js" from ("src/cljc" "src/cljs" "env/dev/cljs")...
notifying browser that file changed:  out/senseforth_chat/core.js
[32mSuccessfully compiled "target/cljsbuild/public/js/app.js" in 0.378 seconds.[0m
[0mCompiling "target/cljsbuild/public/js/app.js" from ("src/cljc" "src/cljs" "env/dev/cljs")...
WARNING: No such namespace: json, could not locate json.cljs, json.cljc, or Closure namespace "" at line 22 /Users/raghu/work/projects/clojure/senseforth/senseforth-chat/src/cljs/senseforth_chat/core.cljs
WARNING: Use of undeclared Var json/read-str at line 22 /Users/raghu/work/projects/clojure/senseforth/senseforth-chat/src/cljs/senseforth_chat/core.cljs
notifying browser that file changed:  target/cljsbuild/public/js/out/goog/deps.js
notifying browser that file changed:  target/cljsbuild/public/js/out/cljs_deps.js
notifying browser that file changed:  out/senseforth_chat/core.js
[32mSuccessfully compiled "target/cljsbuild/public/js/app.js" in 0.745 seconds.[0m
[0mCompiling "target/cljsbuild/public/js/app.js" from ("src/cljc" "src/cljs" "env/dev/cljs")...
WARNING: No such namespace: json, could not locate json.cljs, json.cljc, or Closure namespace "" at line 22 /Users/raghu/work/projects/clojure/senseforth/senseforth-chat/src/cljs/senseforth_chat/core.cljs
WARNING: Use of undeclared Var json/read-str at line 22 /Users/raghu/work/projects/clojure/senseforth/senseforth-chat/src/cljs/senseforth_chat/core.cljs
notifying browser that file changed:  out/senseforth_chat/core.js
[32mSuccessfully compiled "target/cljsbuild/public/js/app.js" in 0.546 seconds.[0m
[0mCompiling "target/cljsbuild/public/js/app.js" from ("src/cljc" "src/cljs" "env/dev/cljs")...
notifying browser that file changed:  target/cljsbuild/public/js/out/goog/deps.js
notifying browser that file changed:  target/cljsbuild/public/js/out/cljs_deps.js
notifying browser that file changed:  out/senseforth_chat/core.js
[32mSuccessfully compiled "target/cljsbuild/public/js/app.js" in 2.574 seconds.[0m
[0mCompiling "target/cljsbuild/public/js/app.js" from ("src/cljc" "src/cljs" "env/dev/cljs")...
notifying browser that file changed:  out/senseforth_chat/core.js
[32mSuccessfully compiled "target/cljsbuild/public/js/app.js" in 0.8 seconds.[0m
[0mCompiling "target/cljsbuild/public/js/app.js" from ("src/cljc" "src/cljs" "env/dev/cljs")...
[31mCompiling "target/cljsbuild/public/js/app.js" failed.
[0mERROR: EOF while reading, starting at line 21 and column 3 on file /Users/raghu/work/projects/clojure/senseforth/senseforth-chat/src/cljs/senseforth_chat/core.cljs, line 147, column 1
[32mSuccessfully compiled "target/cljsbuild/public/js/app.js" in 0.309 seconds.[0m
[0mCompiling "target/cljsbuild/public/js/app.js" from ("src/cljc" "src/cljs" "env/dev/cljs")...
[31mCompiling "target/cljsbuild/public/js/app.js" failed.
[0mERROR: EOF while reading, starting at line 19 and column 1 on file /Users/raghu/work/projects/clojure/senseforth/senseforth-chat/src/cljs/senseforth_chat/core.cljs, line 147, column 1
[32mSuccessfully compiled "target/cljsbuild/public/js/app.js" in 0.254 seconds.[0m
[0mCompiling "target/cljsbuild/public/js/app.js" from ("src/cljc" "src/cljs" "env/dev/cljs")...
notifying browser that file changed:  target/cljsbuild/public/js/out/goog/deps.js
notifying browser that file changed:  target/cljsbuild/public/js/out/cljs_deps.js
notifying browser that file changed:  out/senseforth_chat/core.js
[32mSuccessfully compiled "target/cljsbuild/public/js/app.js" in 0.514 seconds.[0m
[0mCompiling "target/cljsbuild/public/js/app.js" from ("src/cljc" "src/cljs" "env/dev/cljs")...
notifying browser that file changed:  out/senseforth_chat/core.js
[32mSuccessfully compiled "target/cljsbuild/public/js/app.js" in 0.311 seconds.[0m
[0mCompiling "target/cljsbuild/public/js/app.js" from ("src/cljc" "src/cljs" "env/dev/cljs")...
notifying browser that file changed:  target/cljsbuild/public/js/out/goog/deps.js
notifying browser that file changed:  target/cljsbuild/public/js/out/cljs_deps.js
notifying browser that file changed:  out/senseforth_chat/core.js
[32mSuccessfully compiled "target/cljsbuild/public/js/app.js" in 0.699 seconds.[0m
[0mCompiling "target/cljsbuild/public/js/app.js" from ("src/cljc" "src/cljs" "env/dev/cljs")...
notifying browser that file changed:  out/senseforth_chat/core.js
[32mSuccessfully compiled "target/cljsbuild/public/js/app.js" in 0.669 seconds.[0m
[0mCompiling "target/cljsbuild/public/js/app.js" from ("src/cljc" "src/cljs" "env/dev/cljs")...
WARNING: No such namespace: walk, could not locate walk.cljs, walk.cljc, or Closure namespace "" at line 13 src/cljs/senseforth_chat/websockets.cljs
WARNING: Use of undeclared Var walk/keywordize-keys at line 13 src/cljs/senseforth_chat/websockets.cljs
WARNING: Wrong number of args (1) passed to cognitect.transit/read at line 13 src/cljs/senseforth_chat/websockets.cljs
notifying browser that file changed:  target/cljsbuild/public/js/out/goog/deps.js
notifying browser that file changed:  target/cljsbuild/public/js/out/cljs_deps.js
notifying browser that file changed:  out/senseforth_chat/websockets.js
[32mSuccessfully compiled "target/cljsbuild/public/js/app.js" in 2.64 seconds.[0m
[0mCompiling "target/cljsbuild/public/js/app.js" from ("src/cljc" "src/cljs" "env/dev/cljs")...
WARNING: Wrong number of args (2) passed to clojure.walk/keywordize-keys at line 14 src/cljs/senseforth_chat/websockets.cljs
WARNING: Wrong number of args (1) passed to cognitect.transit/read at line 14 src/cljs/senseforth_chat/websockets.cljs
notifying browser that file changed:  target/cljsbuild/public/js/out/cljs_deps.js
notifying browser that file changed:  out/senseforth_chat/websockets.js
[32mSuccessfully compiled "target/cljsbuild/public/js/app.js" in 0.614 seconds.[0m
[0mCompiling "target/cljsbuild/public/js/app.js" from ("src/cljc" "src/cljs" "env/dev/cljs")...
notifying browser that file changed:  target/cljsbuild/public/js/out/goog/deps.js
notifying browser that file changed:  target/cljsbuild/public/js/out/cljs_deps.js
notifying browser that file changed:  out/senseforth_chat/websockets.js
[32mSuccessfully compiled "target/cljsbuild/public/js/app.js" in 2.557 seconds.[0m
[0mCompiling "target/cljsbuild/public/js/app.js" from ("src/cljc" "src/cljs" "env/dev/cljs")...
[31mCompiling "target/cljsbuild/public/js/app.js" failed.
[0mERROR: EOF while reading, starting at line 19 and column 1 on file /Users/raghu/work/projects/clojure/senseforth/senseforth-chat/src/cljs/senseforth_chat/core.cljs, line 147, column 1
[32mSuccessfully compiled "target/cljsbuild/public/js/app.js" in 0.272 seconds.[0m
[0mCompiling "target/cljsbuild/public/js/app.js" from ("src/cljc" "src/cljs" "env/dev/cljs")...
WARNING: No such namespace: walk, could not locate walk.cljs, walk.cljc, or Closure namespace "" at line 21 /Users/raghu/work/projects/clojure/senseforth/senseforth-chat/src/cljs/senseforth_chat/core.cljs
WARNING: Use of undeclared Var walk/keywordize-keys at line 21 /Users/raghu/work/projects/clojure/senseforth/senseforth-chat/src/cljs/senseforth_chat/core.cljs
notifying browser that file changed:  out/senseforth_chat/core.js
[32mSuccessfully compiled "target/cljsbuild/public/js/app.js" in 0.696 seconds.[0m
[0mCompiling "target/cljsbuild/public/js/app.js" from ("src/cljc" "src/cljs" "env/dev/cljs")...
WARNING: No such namespace: walk, could not locate walk.cljs, walk.cljc, or Closure namespace "" at line 21 /Users/raghu/work/projects/clojure/senseforth/senseforth-chat/src/cljs/senseforth_chat/core.cljs
WARNING: Use of undeclared Var walk/keywordize-keys at line 21 /Users/raghu/work/projects/clojure/senseforth/senseforth-chat/src/cljs/senseforth_chat/core.cljs
notifying browser that file changed:  target/cljsbuild/public/js/out/cljs_deps.js
notifying browser that file changed:  out/senseforth_chat/websockets.js
[32mSuccessfully compiled "target/cljsbuild/public/js/app.js" in 0.781 seconds.[0m
[0mCompiling "target/cljsbuild/public/js/app.js" from ("src/cljc" "src/cljs" "env/dev/cljs")...
notifying browser that file changed:  target/cljsbuild/public/js/out/cljs_deps.js
notifying browser that file changed:  out/senseforth_chat/core.js
[32mSuccessfully compiled "target/cljsbuild/public/js/app.js" in 0.469 seconds.[0m
[0mCompiling "target/cljsbuild/public/js/app.js" from ("src/cljc" "src/cljs" "env/dev/cljs")...
notifying browser that file changed:  target/cljsbuild/public/js/out/goog/deps.js
notifying browser that file changed:  target/cljsbuild/public/js/out/cljs_deps.js
notifying browser that file changed:  out/senseforth_chat/core.js
[32mSuccessfully compiled "target/cljsbuild/public/js/app.js" in 2.51 seconds.[0m
[0mCompiling "target/cljsbuild/public/js/app.js" from ("src/cljc" "src/cljs" "env/dev/cljs")...
notifying browser that file changed:  target/cljsbuild/public/js/out/goog/deps.js
notifying browser that file changed:  target/cljsbuild/public/js/out/cljs_deps.js
notifying browser that file changed:  out/senseforth_chat/core.js
[32mSuccessfully compiled "target/cljsbuild/public/js/app.js" in 0.516 seconds.[0m
[0mCompiling "target/cljsbuild/public/js/app.js" from ("src/cljc" "src/cljs" "env/dev/cljs")...
[31mCompiling "target/cljsbuild/public/js/app.js" failed.
[0mERROR: EOF while reading, starting at line 20 and column 1 on file /Users/raghu/work/projects/clojure/senseforth/senseforth-chat/src/cljs/senseforth_chat/core.cljs, line 148, column 1
[32mSuccessfully compiled "target/cljsbuild/public/js/app.js" in 0.178 seconds.[0m
[0mCompiling "target/cljsbuild/public/js/app.js" from ("src/cljc" "src/cljs" "env/dev/cljs")...
notifying browser that file changed:  out/senseforth_chat/core.js
[32mSuccessfully compiled "target/cljsbuild/public/js/app.js" in 0.4 seconds.[0m
[0mCompiling "target/cljsbuild/public/js/app.js" from ("src/cljc" "src/cljs" "env/dev/cljs")...
[31mCompiling "target/cljsbuild/public/js/app.js" failed.
[0mERROR: EOF while reading, starting at line 10 and column 2 on file /Users/raghu/work/projects/clojure/senseforth/senseforth-chat/src/cljs/senseforth_chat/websockets.cljs, line 30, column 56
[32mSuccessfully compiled "target/cljsbuild/public/js/app.js" in 0.191 seconds.[0m
[0mCompiling "target/cljsbuild/public/js/app.js" from ("src/cljc" "src/cljs" "env/dev/cljs")...
notifying browser that file changed:  out/senseforth_chat/websockets.js
[32mSuccessfully compiled "target/cljsbuild/public/js/app.js" in 0.253 seconds.[0m
[0mCompiling "target/cljsbuild/public/js/app.js" from ("src/cljc" "src/cljs" "env/dev/cljs")...
WARNING: No such namespace: walk, could not locate walk.cljs, walk.cljc, or Closure namespace "" at line 13 src/cljs/senseforth_chat/websockets.cljs
WARNING: Use of undeclared Var walk/keywordize-keys at line 13 src/cljs/senseforth_chat/websockets.cljs
notifying browser that file changed:  out/senseforth_chat/websockets.js
[32mSuccessfully compiled "target/cljsbuild/public/js/app.js" in 0.375 seconds.[0m
[0mCompiling "target/cljsbuild/public/js/app.js" from ("src/cljc" "src/cljs" "env/dev/cljs")...
notifying browser that file changed:  out/senseforth_chat/core.js
[32mSuccessfully compiled "target/cljsbuild/public/js/app.js" in 0.425 seconds.[0m
[0mCompiling "target/cljsbuild/public/js/app.js" from ("src/cljc" "src/cljs" "env/dev/cljs")...
notifying browser that file changed:  out/senseforth_chat/core.js
[32mSuccessfully compiled "target/cljsbuild/public/js/app.js" in 0.322 seconds.[0m
[0mCompiling "target/cljsbuild/public/js/app.js" from ("src/cljc" "src/cljs" "env/dev/cljs")...
[31mCompiling "target/cljsbuild/public/js/app.js" failed.
[0mERROR: EOF while reading, starting at line 20 and column 1 on file /Users/raghu/work/projects/clojure/senseforth/senseforth-chat/src/cljs/senseforth_chat/core.cljs, line 148, column 1
[32mSuccessfully compiled "target/cljsbuild/public/js/app.js" in 0.247 seconds.[0m
[0mCompiling "target/cljsbuild/public/js/app.js" from ("src/cljc" "src/cljs" "env/dev/cljs")...
notifying browser that file changed:  target/cljsbuild/public/js/out/goog/deps.js
notifying browser that file changed:  target/cljsbuild/public/js/out/cljs_deps.js
notifying browser that file changed:  out/senseforth_chat/core.js
[32mSuccessfully compiled "target/cljsbuild/public/js/app.js" in 0.474 seconds.[0m
[0mCompiling "target/cljsbuild/public/js/app.js" from ("src/cljc" "src/cljs" "env/dev/cljs")...
notifying browser that file changed:  target/cljsbuild/public/js/out/goog/deps.js
notifying browser that file changed:  target/cljsbuild/public/js/out/cljs_deps.js
notifying browser that file changed:  out/senseforth_chat/websockets.js
[32mSuccessfully compiled "target/cljsbuild/public/js/app.js" in 2.335 seconds.[0m
[0mCompiling "target/cljsbuild/public/js/app.js" from ("src/cljc" "src/cljs" "env/dev/cljs")...
notifying browser that file changed:  out/senseforth_chat/websockets.js
[32mSuccessfully compiled "target/cljsbuild/public/js/app.js" in 0.774 seconds.[0m
[0mCompiling "target/cljsbuild/public/js/app.js" from ("src/cljc" "src/cljs" "env/dev/cljs")...
notifying browser that file changed:  out/senseforth_chat/core.js
[32mSuccessfully compiled "target/cljsbuild/public/js/app.js" in 0.669 seconds.[0m
[0mCompiling "target/cljsbuild/public/js/app.js" from ("src/cljc" "src/cljs" "env/dev/cljs")...
notifying browser that file changed:  out/senseforth_chat/core.js
[32mSuccessfully compiled "target/cljsbuild/public/js/app.js" in 0.458 seconds.[0m
[0mCompiling "target/cljsbuild/public/js/app.js" from ("src/cljc" "src/cljs" "env/dev/cljs")...
notifying browser that file changed:  out/senseforth_chat/core.js
[32mSuccessfully compiled "target/cljsbuild/public/js/app.js" in 0.531 seconds.[0m
[0mCompiling "target/cljsbuild/public/js/app.js" from ("src/cljc" "src/cljs" "env/dev/cljs")...
notifying browser that file changed:  out/senseforth_chat/websockets.js
[32mSuccessfully compiled "target/cljsbuild/public/js/app.js" in 0.464 seconds.[0m
[0mCompiling "target/cljsbuild/public/js/app.js" from ("src/cljc" "src/cljs" "env/dev/cljs")...
notifying browser that file changed:  target/cljsbuild/public/js/out/goog/deps.js
notifying browser that file changed:  target/cljsbuild/public/js/out/cljs_deps.js
notifying browser that file changed:  out/senseforth_chat/websockets.js
[32mSuccessfully compiled "target/cljsbuild/public/js/app.js" in 0.533 seconds.[0m
[0mCompiling "target/cljsbuild/public/js/app.js" from ("src/cljc" "src/cljs" "env/dev/cljs")...
notifying browser that file changed:  out/senseforth_chat/websockets.js
[32mSuccessfully compiled "target/cljsbuild/public/js/app.js" in 0.508 seconds.[0m
[0mCompiling "target/cljsbuild/public/js/app.js" from ("src/cljc" "src/cljs" "env/dev/cljs")...
notifying browser that file changed:  out/senseforth_chat/websockets.js
[32mSuccessfully compiled "target/cljsbuild/public/js/app.js" in 0.354 seconds.[0m
[0mCompiling "target/cljsbuild/public/js/app.js" from ("src/cljc" "src/cljs" "env/dev/cljs")...
notifying browser that file changed:  out/senseforth_chat/websockets.js
[32mSuccessfully compiled "target/cljsbuild/public/js/app.js" in 0.35 seconds.[0m
[0mCompiling "target/cljsbuild/public/js/app.js" from ("src/cljc" "src/cljs" "env/dev/cljs")...
notifying browser that file changed:  target/cljsbuild/public/js/out/goog/deps.js
notifying browser that file changed:  target/cljsbuild/public/js/out/cljs_deps.js
notifying browser that file changed:  out/senseforth_chat/websockets.js
[32mSuccessfully compiled "target/cljsbuild/public/js/app.js" in 0.548 seconds.[0m
[0mCompiling "target/cljsbuild/public/js/app.js" from ("src/cljc" "src/cljs" "env/dev/cljs")...
notifying browser that file changed:  out/senseforth_chat/websockets.js
[32mSuccessfully compiled "target/cljsbuild/public/js/app.js" in 0.586 seconds.[0m
[0mCompiling "target/cljsbuild/public/js/app.js" from ("src/cljc" "src/cljs" "env/dev/cljs")...
notifying browser that file changed:  target/cljsbuild/public/js/out/goog/deps.js
notifying browser that file changed:  target/cljsbuild/public/js/out/cljs_deps.js
notifying browser that file changed:  out/senseforth_chat/websockets.js
[32mSuccessfully compiled "target/cljsbuild/public/js/app.js" in 0.681 seconds.[0m
[0mCompiling "target/cljsbuild/public/js/app.js" from ("src/cljc" "src/cljs" "env/dev/cljs")...
notifying browser that file changed:  target/cljsbuild/public/js/out/goog/deps.js
notifying browser that file changed:  target/cljsbuild/public/js/out/cljs_deps.js
notifying browser that file changed:  out/senseforth_chat/websockets.js
[32mSuccessfully compiled "target/cljsbuild/public/js/app.js" in 0.527 seconds.[0m
[0mCompiling "target/cljsbuild/public/js/app.js" from ("src/cljc" "src/cljs" "env/dev/cljs")...
notifying browser that file changed:  out/senseforth_chat/websockets.js
[32mSuccessfully compiled "target/cljsbuild/public/js/app.js" in 0.416 seconds.[0m
[0mCompiling "target/cljsbuild/public/js/app.js" from ("src/cljc" "src/cljs" "env/dev/cljs")...
notifying browser that file changed:  target/cljsbuild/public/js/out/goog/deps.js
notifying browser that file changed:  target/cljsbuild/public/js/out/cljs_deps.js
notifying browser that file changed:  out/senseforth_chat/websockets.js
[32mSuccessfully compiled "target/cljsbuild/public/js/app.js" in 0.521 seconds.[0m
[0mCompiling "target/cljsbuild/public/js/app.js" from ("src/cljc" "src/cljs" "env/dev/cljs")...
WARNING: Use of undeclared Var senseforth-chat.websockets/token at line 20 src/cljs/senseforth_chat/websockets.cljs
WARNING: Wrong number of args (1) passed to senseforth-chat.websockets/send-transit-msg! at line 43 /Users/raghu/work/projects/clojure/senseforth/senseforth-chat/src/cljs/senseforth_chat/core.cljs
notifying browser that file changed:  target/cljsbuild/public/js/out/goog/deps.js
notifying browser that file changed:  target/cljsbuild/public/js/out/cljs_deps.js
notifying browser that file changed:  out/senseforth_chat/websockets.js
[32mSuccessfully compiled "target/cljsbuild/public/js/app.js" in 1.166 seconds.[0m
[0mCompiling "target/cljsbuild/public/js/app.js" from ("src/cljc" "src/cljs" "env/dev/cljs")...
WARNING: Use of undeclared Var senseforth-chat.websockets/token at line 20 src/cljs/senseforth_chat/websockets.cljs
WARNING: Wrong number of args (1) passed to senseforth-chat.websockets/send-transit-msg! at line 43 /Users/raghu/work/projects/clojure/senseforth/senseforth-chat/src/cljs/senseforth_chat/core.cljs
notifying browser that file changed:  out/senseforth_chat/websockets.js
[32mSuccessfully compiled "target/cljsbuild/public/js/app.js" in 0.709 seconds.[0m
[0mCompiling "target/cljsbuild/public/js/app.js" from ("src/cljc" "src/cljs" "env/dev/cljs")...
WARNING: Use of undeclared Var senseforth-chat.websockets/token at line 20 src/cljs/senseforth_chat/websockets.cljs
WARNING: Wrong number of args (1) passed to senseforth-chat.websockets/send-transit-msg! at line 43 /Users/raghu/work/projects/clojure/senseforth/senseforth-chat/src/cljs/senseforth_chat/core.cljs
notifying browser that file changed:  out/senseforth_chat/websockets.js
[32mSuccessfully compiled "target/cljsbuild/public/js/app.js" in 0.812 seconds.[0m
[0mCompiling "target/cljsbuild/public/js/app.js" from ("src/cljc" "src/cljs" "env/dev/cljs")...
notifying browser that file changed:  out/senseforth_chat/core.js
[32mSuccessfully compiled "target/cljsbuild/public/js/app.js" in 0.578 seconds.[0m
[0mCompiling "target/cljsbuild/public/js/app.js" from ("src/cljc" "src/cljs" "env/dev/cljs")...
notifying browser that file changed:  out/senseforth_chat/websockets.js
[32mSuccessfully compiled "target/cljsbuild/public/js/app.js" in 0.77 seconds.[0m
[0mCompiling "target/cljsbuild/public/js/app.js" from ("src/cljc" "src/cljs" "env/dev/cljs")...
notifying browser that file changed:  out/senseforth_chat/websockets.js
[32mSuccessfully compiled "target/cljsbuild/public/js/app.js" in 0.284 seconds.[0m
[0mCompiling "target/cljsbuild/public/js/app.js" from ("src/cljc" "src/cljs" "env/dev/cljs")...
notifying browser that file changed:  target/cljsbuild/public/js/out/goog/deps.js
notifying browser that file changed:  target/cljsbuild/public/js/out/cljs_deps.js
notifying browser that file changed:  out/senseforth_chat/core.js
[32mSuccessfully compiled "target/cljsbuild/public/js/app.js" in 1.111 seconds.[0m
[0mCompiling "target/cljsbuild/public/js/app.js" from ("src/cljc" "src/cljs" "env/dev/cljs")...
notifying browser that file changed:  out/senseforth_chat/core.js
[32mSuccessfully compiled "target/cljsbuild/public/js/app.js" in 0.671 seconds.[0m
[0mCompiling "target/cljsbuild/public/js/app.js" from ("src/cljc" "src/cljs" "env/dev/cljs")...
notifying browser that file changed:  out/senseforth_chat/core.js
[32mSuccessfully compiled "target/cljsbuild/public/js/app.js" in 0.748 seconds.[0m
[0mCompiling "target/cljsbuild/public/js/app.js" from ("src/cljc" "src/cljs" "env/dev/cljs")...
notifying browser that file changed:  out/senseforth_chat/core.js
[32mSuccessfully compiled "target/cljsbuild/public/js/app.js" in 0.644 seconds.[0m
[0mCompiling "target/cljsbuild/public/js/app.js" from ("src/cljc" "src/cljs" "env/dev/cljs")...
notifying browser that file changed:  out/senseforth_chat/core.js
[32mSuccessfully compiled "target/cljsbuild/public/js/app.js" in 0.58 seconds.[0m
[0mCompiling "target/cljsbuild/public/js/app.js" from ("src/cljc" "src/cljs" "env/dev/cljs")...
notifying browser that file changed:  out/senseforth_chat/core.js
[32mSuccessfully compiled "target/cljsbuild/public/js/app.js" in 0.434 seconds.[0m
[0mCompiling "target/cljsbuild/public/js/app.js" from ("src/cljc" "src/cljs" "env/dev/cljs")...
notifying browser that file changed:  out/senseforth_chat/core.js
[32mSuccessfully compiled "target/cljsbuild/public/js/app.js" in 0.454 seconds.[0m
[0mCompiling "target/cljsbuild/public/js/app.js" from ("src/cljc" "src/cljs" "env/dev/cljs")...
notifying browser that file changed:  out/senseforth_chat/core.js
[32mSuccessfully compiled "target/cljsbuild/public/js/app.js" in 0.365 seconds.[0m
[0mCompiling "target/cljsbuild/public/js/app.js" from ("src/cljc" "src/cljs" "env/dev/cljs")...
notifying browser that file changed:  target/cljsbuild/public/js/out/goog/deps.js
notifying browser that file changed:  target/cljsbuild/public/js/out/cljs_deps.js
notifying browser that file changed:  out/senseforth_chat/websockets.js
[32mSuccessfully compiled "target/cljsbuild/public/js/app.js" in 0.784 seconds.[0m
[0mCompiling "target/cljsbuild/public/js/app.js" from ("src/cljc" "src/cljs" "env/dev/cljs")...
notifying browser that file changed:  out/senseforth_chat/websockets.js
[32mSuccessfully compiled "target/cljsbuild/public/js/app.js" in 0.467 seconds.[0m
